2025/03/27 17:59:07 [notice] 1#1: using the "epoll" event method
2025/03/27 17:59:07 [notice] 1#1: nginx/1.27.4
2025/03/27 17:59:07 [notice] 1#1: built by gcc 14.2.0 (Alpine 14.2.0) 
2025/03/27 17:59:07 [notice] 1#1: OS: Linux 6.13.6-arch1-1
2025/03/27 17:59:07 [notice] 1#1: getrlimit(RLIMIT_NOFILE): 1024:524288
2025/03/27 17:59:07 [notice] 1#1: start worker processes
2025/03/27 17:59:07 [notice] 1#1: start worker process 29
2025/03/27 17:59:07 [notice] 1#1: start worker process 30
2025/03/27 17:59:07 [notice] 1#1: start worker process 31
2025/03/27 17:59:07 [notice] 1#1: start worker process 32
2025/03/27 17:59:07 [notice] 1#1: start worker process 33
2025/03/27 17:59:07 [notice] 1#1: start worker process 34
2025/03/27 17:59:07 [notice] 1#1: start worker process 35
2025/03/27 17:59:07 [notice] 1#1: start worker process 36
2025/03/27 17:59:50 [crit] 29#29: *1 realpath() "/var/www/public" failed (2: No such file or directory), client: 172.20.0.1, server: localhost, request: "GET / HTTP/1.1", host: "localhost:9000"
2025/03/27 18:01:02 [crit] 31#31: *3 realpath() "/var/www/public" failed (2: No such file or directory), client: 172.20.0.1, server: localhost, request: "GET /api/hello HTTP/1.1", host: "localhost:9000"
2025/03/27 18:01:07 [crit] 31#31: *3 realpath() "/var/www/public" failed (2: No such file or directory), client: 172.20.0.1, server: localhost, request: "GET / HTTP/1.1", host: "localhost:9000"
2025/03/27 18:01:14 [crit] 31#31: *3 realpath() "/var/www/public" failed (2: No such file or directory), client: 172.20.0.1, server: localhost, request: "GET / HTTP/1.1", host: "localhost:9000"
2025/03/27 18:06:23 [notice] 1#1: signal 3 (SIGQUIT) received, shutting down
2025/03/27 18:06:23 [notice] 30#30: gracefully shutting down
2025/03/27 18:06:23 [notice] 29#29: gracefully shutting down
2025/03/27 18:06:23 [notice] 30#30: exiting
2025/03/27 18:06:23 [notice] 29#29: exiting
2025/03/27 18:06:23 [notice] 30#30: exit
2025/03/27 18:06:23 [notice] 29#29: exit
2025/03/27 18:06:23 [notice] 33#33: gracefully shutting down
2025/03/27 18:06:23 [notice] 35#35: gracefully shutting down
2025/03/27 18:06:23 [notice] 31#31: gracefully shutting down
2025/03/27 18:06:23 [notice] 36#36: gracefully shutting down
2025/03/27 18:06:23 [notice] 32#32: gracefully shutting down
2025/03/27 18:06:23 [notice] 33#33: exiting
2025/03/27 18:06:23 [notice] 35#35: exiting
2025/03/27 18:06:23 [notice] 31#31: exiting
2025/03/27 18:06:23 [notice] 36#36: exiting
2025/03/27 18:06:23 [notice] 32#32: exiting
2025/03/27 18:06:23 [notice] 35#35: exit
2025/03/27 18:06:23 [notice] 31#31: exit
2025/03/27 18:06:23 [notice] 33#33: exit
2025/03/27 18:06:23 [notice] 32#32: exit
2025/03/27 18:06:23 [notice] 34#34: gracefully shutting down
2025/03/27 18:06:23 [notice] 34#34: exiting
2025/03/27 18:06:23 [notice] 34#34: exit
2025/03/27 18:06:23 [notice] 36#36: exit
2025/03/27 18:06:24 [notice] 1#1: signal 17 (SIGCHLD) received from 35
2025/03/27 18:06:24 [notice] 1#1: worker process 35 exited with code 0
2025/03/27 18:06:24 [notice] 1#1: signal 29 (SIGIO) received
2025/03/27 18:06:24 [notice] 1#1: signal 17 (SIGCHLD) received from 31
2025/03/27 18:06:24 [notice] 1#1: worker process 31 exited with code 0
2025/03/27 18:06:24 [notice] 1#1: worker process 36 exited with code 0
2025/03/27 18:06:24 [notice] 1#1: signal 29 (SIGIO) received
2025/03/27 18:06:24 [notice] 1#1: signal 17 (SIGCHLD) received from 36
2025/03/27 18:06:24 [notice] 1#1: worker process 30 exited with code 0
2025/03/27 18:06:24 [notice] 1#1: worker process 34 exited with code 0
2025/03/27 18:06:24 [notice] 1#1: signal 29 (SIGIO) received
2025/03/27 18:06:24 [notice] 1#1: signal 17 (SIGCHLD) received from 30
2025/03/27 18:06:24 [notice] 1#1: signal 17 (SIGCHLD) received from 33
2025/03/27 18:06:24 [notice] 1#1: worker process 29 exited with code 0
2025/03/27 18:06:24 [notice] 1#1: worker process 33 exited with code 0
2025/03/27 18:06:24 [notice] 1#1: signal 29 (SIGIO) received
2025/03/27 18:06:24 [notice] 1#1: signal 17 (SIGCHLD) received from 32
2025/03/27 18:06:24 [notice] 1#1: worker process 32 exited with code 0
2025/03/27 18:06:24 [notice] 1#1: exit
2025/03/27 18:06:34 [notice] 1#1: using the "epoll" event method
2025/03/27 18:06:34 [notice] 1#1: nginx/1.27.4
2025/03/27 18:06:34 [notice] 1#1: built by gcc 14.2.0 (Alpine 14.2.0) 
2025/03/27 18:06:34 [notice] 1#1: OS: Linux 6.13.6-arch1-1
2025/03/27 18:06:34 [notice] 1#1: getrlimit(RLIMIT_NOFILE): 1024:524288
2025/03/27 18:06:34 [notice] 1#1: start worker processes
2025/03/27 18:06:34 [notice] 1#1: start worker process 29
2025/03/27 18:06:34 [notice] 1#1: start worker process 30
2025/03/27 18:06:34 [notice] 1#1: start worker process 31
2025/03/27 18:06:34 [notice] 1#1: start worker process 32
2025/03/27 18:06:34 [notice] 1#1: start worker process 33
2025/03/27 18:06:34 [notice] 1#1: start worker process 34
2025/03/27 18:06:34 [notice] 1#1: start worker process 35
2025/03/27 18:06:34 [notice] 1#1: start worker process 36
2025/03/27 18:10:33 [notice] 1#1: signal 3 (SIGQUIT) received, shutting down
2025/03/27 18:10:33 [notice] 29#29: gracefully shutting down
2025/03/27 18:10:33 [notice] 33#33: gracefully shutting down
2025/03/27 18:10:33 [notice] 32#32: gracefully shutting down
2025/03/27 18:10:33 [notice] 34#34: gracefully shutting down
2025/03/27 18:10:33 [notice] 35#35: gracefully shutting down
2025/03/27 18:10:33 [notice] 30#30: gracefully shutting down
2025/03/27 18:10:33 [notice] 29#29: exiting
2025/03/27 18:10:33 [notice] 33#33: exiting
2025/03/27 18:10:33 [notice] 32#32: exiting
2025/03/27 18:10:33 [notice] 34#34: exiting
2025/03/27 18:10:33 [notice] 30#30: exiting
2025/03/27 18:10:33 [notice] 35#35: exiting
2025/03/27 18:10:33 [notice] 33#33: exit
2025/03/27 18:10:33 [notice] 29#29: exit
2025/03/27 18:10:33 [notice] 35#35: exit
2025/03/27 18:10:33 [notice] 32#32: exit
2025/03/27 18:10:33 [notice] 34#34: exit
2025/03/27 18:10:33 [notice] 30#30: exit
2025/03/27 18:10:33 [notice] 31#31: gracefully shutting down
2025/03/27 18:10:33 [notice] 31#31: exiting
2025/03/27 18:10:33 [notice] 36#36: gracefully shutting down
2025/03/27 18:10:33 [notice] 36#36: exiting
2025/03/27 18:10:33 [notice] 36#36: exit
2025/03/27 18:10:33 [notice] 31#31: exit
2025/03/27 18:10:33 [notice] 1#1: signal 17 (SIGCHLD) received from 34
2025/03/27 18:10:33 [notice] 1#1: worker process 30 exited with code 0
2025/03/27 18:10:33 [notice] 1#1: worker process 32 exited with code 0
2025/03/27 18:10:33 [notice] 1#1: worker process 34 exited with code 0
2025/03/27 18:10:33 [notice] 1#1: worker process 35 exited with code 0
2025/03/27 18:10:33 [notice] 1#1: signal 29 (SIGIO) received
2025/03/27 18:10:33 [notice] 1#1: signal 17 (SIGCHLD) received from 33
2025/03/27 18:10:33 [notice] 1#1: worker process 33 exited with code 0
2025/03/27 18:10:33 [notice] 1#1: signal 29 (SIGIO) received
2025/03/27 18:10:33 [notice] 1#1: signal 17 (SIGCHLD) received from 29
2025/03/27 18:10:33 [notice] 1#1: worker process 29 exited with code 0
2025/03/27 18:10:33 [notice] 1#1: signal 29 (SIGIO) received
2025/03/27 18:10:33 [notice] 1#1: signal 17 (SIGCHLD) received from 31
2025/03/27 18:10:33 [notice] 1#1: worker process 31 exited with code 0
2025/03/27 18:10:33 [notice] 1#1: signal 29 (SIGIO) received
2025/03/27 18:10:33 [notice] 1#1: signal 17 (SIGCHLD) received from 36
2025/03/27 18:10:33 [notice] 1#1: worker process 36 exited with code 0
2025/03/27 18:10:33 [notice] 1#1: exit
2025/03/27 18:10:42 [notice] 1#1: using the "epoll" event method
2025/03/27 18:10:42 [notice] 1#1: nginx/1.27.4
2025/03/27 18:10:42 [notice] 1#1: built by gcc 14.2.0 (Alpine 14.2.0) 
2025/03/27 18:10:42 [notice] 1#1: OS: Linux 6.13.6-arch1-1
2025/03/27 18:10:42 [notice] 1#1: getrlimit(RLIMIT_NOFILE): 1024:524288
2025/03/27 18:10:42 [notice] 1#1: start worker processes
2025/03/27 18:10:42 [notice] 1#1: start worker process 29
2025/03/27 18:10:42 [notice] 1#1: start worker process 30
2025/03/27 18:10:42 [notice] 1#1: start worker process 31
2025/03/27 18:10:42 [notice] 1#1: start worker process 32
2025/03/27 18:10:42 [notice] 1#1: start worker process 33
2025/03/27 18:10:42 [notice] 1#1: start worker process 34
2025/03/27 18:10:42 [notice] 1#1: start worker process 35
2025/03/27 18:10:42 [notice] 1#1: start worker process 36
2025/03/27 18:13:18 [notice] 1#1: signal 3 (SIGQUIT) received, shutting down
2025/03/27 18:13:18 [notice] 29#29: gracefully shutting down
2025/03/27 18:13:18 [notice] 34#34: gracefully shutting down
2025/03/27 18:13:18 [notice] 29#29: exiting
2025/03/27 18:13:18 [notice] 33#33: gracefully shutting down
2025/03/27 18:13:18 [notice] 34#34: exiting
2025/03/27 18:13:18 [notice] 36#36: gracefully shutting down
2025/03/27 18:13:18 [notice] 33#33: exiting
2025/03/27 18:13:18 [notice] 31#31: gracefully shutting down
2025/03/27 18:13:18 [notice] 36#36: exiting
2025/03/27 18:13:18 [notice] 30#30: gracefully shutting down
2025/03/27 18:13:18 [notice] 31#31: exiting
2025/03/27 18:13:18 [notice] 30#30: exiting
2025/03/27 18:13:18 [notice] 32#32: gracefully shutting down
2025/03/27 18:13:18 [notice] 35#35: gracefully shutting down
2025/03/27 18:13:18 [notice] 32#32: exiting
2025/03/27 18:13:18 [notice] 35#35: exiting
2025/03/27 18:13:18 [notice] 36#36: exit
2025/03/27 18:13:18 [notice] 34#34: exit
2025/03/27 18:13:18 [notice] 29#29: exit
2025/03/27 18:13:18 [notice] 35#35: exit
2025/03/27 18:13:18 [notice] 33#33: exit
2025/03/27 18:13:18 [notice] 31#31: exit
2025/03/27 18:13:18 [notice] 30#30: exit
2025/03/27 18:13:18 [notice] 32#32: exit
2025/03/27 18:13:18 [notice] 1#1: signal 17 (SIGCHLD) received from 29
2025/03/27 18:13:18 [notice] 1#1: worker process 29 exited with code 0
2025/03/27 18:13:18 [notice] 1#1: signal 29 (SIGIO) received
2025/03/27 18:13:18 [notice] 1#1: signal 17 (SIGCHLD) received from 36
2025/03/27 18:13:18 [notice] 1#1: worker process 32 exited with code 0
2025/03/27 18:13:18 [notice] 1#1: worker process 34 exited with code 0
2025/03/27 18:13:18 [notice] 1#1: worker process 36 exited with code 0
2025/03/27 18:13:18 [notice] 1#1: signal 29 (SIGIO) received
2025/03/27 18:13:18 [notice] 1#1: signal 17 (SIGCHLD) received from 35
2025/03/27 18:13:18 [notice] 1#1: worker process 35 exited with code 0
2025/03/27 18:13:18 [notice] 1#1: signal 29 (SIGIO) received
2025/03/27 18:13:18 [notice] 1#1: signal 17 (SIGCHLD) received from 31
2025/03/27 18:13:18 [notice] 1#1: worker process 31 exited with code 0
2025/03/27 18:13:18 [notice] 1#1: signal 29 (SIGIO) received
2025/03/27 18:13:18 [notice] 1#1: signal 17 (SIGCHLD) received from 33
2025/03/27 18:13:18 [notice] 1#1: worker process 33 exited with code 0
2025/03/27 18:13:18 [notice] 1#1: worker process 30 exited with code 0
2025/03/27 18:13:18 [notice] 1#1: exit
2025/03/27 18:13:29 [notice] 1#1: using the "epoll" event method
2025/03/27 18:13:29 [notice] 1#1: nginx/1.27.4
2025/03/27 18:13:29 [notice] 1#1: built by gcc 14.2.0 (Alpine 14.2.0) 
2025/03/27 18:13:29 [notice] 1#1: OS: Linux 6.13.6-arch1-1
2025/03/27 18:13:29 [notice] 1#1: getrlimit(RLIMIT_NOFILE): 1024:524288
2025/03/27 18:13:29 [notice] 1#1: start worker processes
2025/03/27 18:13:29 [notice] 1#1: start worker process 29
2025/03/27 18:13:29 [notice] 1#1: start worker process 30
2025/03/27 18:13:29 [notice] 1#1: start worker process 31
2025/03/27 18:13:29 [notice] 1#1: start worker process 32
2025/03/27 18:13:29 [notice] 1#1: start worker process 33
2025/03/27 18:13:29 [notice] 1#1: start worker process 34
2025/03/27 18:13:29 [notice] 1#1: start worker process 35
2025/03/27 18:13:29 [notice] 1#1: start worker process 36
2025/03/27 18:15:28 [notice] 1#1: signal 3 (SIGQUIT) received, shutting down
2025/03/27 18:15:28 [notice] 29#29: gracefully shutting down
2025/03/27 18:15:28 [notice] 30#30: gracefully shutting down
2025/03/27 18:15:28 [notice] 31#31: gracefully shutting down
2025/03/27 18:15:28 [notice] 33#33: gracefully shutting down
2025/03/27 18:15:28 [notice] 35#35: gracefully shutting down
2025/03/27 18:15:28 [notice] 32#32: gracefully shutting down
2025/03/27 18:15:28 [notice] 29#29: exiting
2025/03/27 18:15:28 [notice] 30#30: exiting
2025/03/27 18:15:28 [notice] 31#31: exiting
2025/03/27 18:15:28 [notice] 33#33: exiting
2025/03/27 18:15:28 [notice] 35#35: exiting
2025/03/27 18:15:28 [notice] 32#32: exiting
2025/03/27 18:15:28 [notice] 34#34: gracefully shutting down
2025/03/27 18:15:28 [notice] 36#36: gracefully shutting down
2025/03/27 18:15:28 [notice] 34#34: exiting
2025/03/27 18:15:28 [notice] 36#36: exiting
2025/03/27 18:15:28 [notice] 32#32: exit
2025/03/27 18:15:28 [notice] 29#29: exit
2025/03/27 18:15:28 [notice] 36#36: exit
2025/03/27 18:15:28 [notice] 31#31: exit
2025/03/27 18:15:28 [notice] 35#35: exit
2025/03/27 18:15:28 [notice] 30#30: exit
2025/03/27 18:15:28 [notice] 34#34: exit
2025/03/27 18:15:28 [notice] 33#33: exit
2025/03/27 18:15:28 [notice] 1#1: signal 17 (SIGCHLD) received from 32
2025/03/27 18:15:28 [notice] 1#1: worker process 32 exited with code 0
2025/03/27 18:15:28 [notice] 1#1: signal 29 (SIGIO) received
2025/03/27 18:15:28 [notice] 1#1: signal 17 (SIGCHLD) received from 33
2025/03/27 18:15:28 [notice] 1#1: worker process 29 exited with code 0
2025/03/27 18:15:28 [notice] 1#1: worker process 33 exited with code 0
2025/03/27 18:15:28 [notice] 1#1: signal 29 (SIGIO) received
2025/03/27 18:15:28 [notice] 1#1: signal 17 (SIGCHLD) received from 34
2025/03/27 18:15:28 [notice] 1#1: worker process 34 exited with code 0
2025/03/27 18:15:28 [notice] 1#1: signal 29 (SIGIO) received
2025/03/27 18:15:28 [notice] 1#1: signal 17 (SIGCHLD) received from 36
2025/03/27 18:15:28 [notice] 1#1: worker process 36 exited with code 0
2025/03/27 18:15:28 [notice] 1#1: signal 29 (SIGIO) received
2025/03/27 18:15:28 [notice] 1#1: signal 17 (SIGCHLD) received from 31
2025/03/27 18:15:28 [notice] 1#1: worker process 31 exited with code 0
2025/03/27 18:15:28 [notice] 1#1: signal 29 (SIGIO) received
2025/03/27 18:15:28 [notice] 1#1: signal 17 (SIGCHLD) received from 35
2025/03/27 18:15:28 [notice] 1#1: worker process 35 exited with code 0
2025/03/27 18:15:28 [notice] 1#1: signal 29 (SIGIO) received
2025/03/27 18:15:28 [notice] 1#1: signal 17 (SIGCHLD) received from 30
2025/03/27 18:15:28 [notice] 1#1: worker process 30 exited with code 0
2025/03/27 18:15:28 [notice] 1#1: exit
2025/03/28 15:14:23 [notice] 1#1: using the "epoll" event method
2025/03/28 15:14:23 [notice] 1#1: nginx/1.27.4
2025/03/28 15:14:23 [notice] 1#1: built by gcc 14.2.0 (Alpine 14.2.0) 
2025/03/28 15:14:23 [notice] 1#1: OS: Linux 6.13.6-arch1-1
2025/03/28 15:14:23 [notice] 1#1: getrlimit(RLIMIT_NOFILE): 1024:524288
2025/03/28 15:14:23 [notice] 1#1: start worker processes
2025/03/28 15:14:23 [notice] 1#1: start worker process 29
2025/03/28 15:14:23 [notice] 1#1: start worker process 30
2025/03/28 15:14:23 [notice] 1#1: start worker process 31
2025/03/28 15:14:23 [notice] 1#1: start worker process 32
2025/03/28 15:14:23 [notice] 1#1: start worker process 33
2025/03/28 15:14:23 [notice] 1#1: start worker process 34
2025/03/28 15:14:23 [notice] 1#1: start worker process 35
2025/03/28 15:14:23 [notice] 1#1: start worker process 36
2025/03/28 15:21:26 [notice] 1#1: signal 3 (SIGQUIT) received, shutting down
2025/03/28 15:21:26 [notice] 29#29: gracefully shutting down
2025/03/28 15:21:26 [notice] 30#30: gracefully shutting down
2025/03/28 15:21:26 [notice] 31#31: gracefully shutting down
2025/03/28 15:21:26 [notice] 32#32: gracefully shutting down
2025/03/28 15:21:26 [notice] 33#33: gracefully shutting down
2025/03/28 15:21:26 [notice] 35#35: gracefully shutting down
2025/03/28 15:21:26 [notice] 29#29: exiting
2025/03/28 15:21:26 [notice] 34#34: gracefully shutting down
2025/03/28 15:21:26 [notice] 30#30: exiting
2025/03/28 15:21:26 [notice] 31#31: exiting
2025/03/28 15:21:26 [notice] 32#32: exiting
2025/03/28 15:21:26 [notice] 33#33: exiting
2025/03/28 15:21:26 [notice] 35#35: exiting
2025/03/28 15:21:26 [notice] 34#34: exiting
2025/03/28 15:21:26 [notice] 36#36: gracefully shutting down
2025/03/28 15:21:26 [notice] 30#30: exit
2025/03/28 15:21:26 [notice] 31#31: exit
2025/03/28 15:21:26 [notice] 33#33: exit
2025/03/28 15:21:26 [notice] 32#32: exit
2025/03/28 15:21:26 [notice] 29#29: exit
2025/03/28 15:21:26 [notice] 35#35: exit
2025/03/28 15:21:26 [notice] 36#36: exiting
2025/03/28 15:21:26 [notice] 36#36: exit
2025/03/28 15:21:26 [notice] 34#34: exit
2025/03/28 15:21:26 [notice] 1#1: signal 17 (SIGCHLD) received from 30
2025/03/28 15:21:26 [notice] 1#1: worker process 30 exited with code 0
2025/03/28 15:21:26 [notice] 1#1: worker process 31 exited with code 0
2025/03/28 15:21:26 [notice] 1#1: worker process 32 exited with code 0
2025/03/28 15:21:26 [notice] 1#1: worker process 33 exited with code 0
2025/03/28 15:21:26 [notice] 1#1: signal 29 (SIGIO) received
2025/03/28 15:21:26 [notice] 1#1: signal 17 (SIGCHLD) received from 36
2025/03/28 15:21:26 [notice] 1#1: worker process 29 exited with code 0
2025/03/28 15:21:26 [notice] 1#1: worker process 34 exited with code 0
2025/03/28 15:21:26 [notice] 1#1: worker process 36 exited with code 0
2025/03/28 15:21:26 [notice] 1#1: signal 29 (SIGIO) received
2025/03/28 15:21:26 [notice] 1#1: signal 17 (SIGCHLD) received from 35
2025/03/28 15:21:26 [notice] 1#1: worker process 35 exited with code 0
2025/03/28 15:21:26 [notice] 1#1: exit
2025/03/28 15:21:38 [notice] 1#1: using the "epoll" event method
2025/03/28 15:21:38 [notice] 1#1: nginx/1.27.4
2025/03/28 15:21:38 [notice] 1#1: built by gcc 14.2.0 (Alpine 14.2.0) 
2025/03/28 15:21:38 [notice] 1#1: OS: Linux 6.13.6-arch1-1
2025/03/28 15:21:38 [notice] 1#1: getrlimit(RLIMIT_NOFILE): 1024:524288
2025/03/28 15:21:38 [notice] 1#1: start worker processes
2025/03/28 15:21:38 [notice] 1#1: start worker process 29
2025/03/28 15:21:38 [notice] 1#1: start worker process 30
2025/03/28 15:21:38 [notice] 1#1: start worker process 31
2025/03/28 15:21:38 [notice] 1#1: start worker process 32
2025/03/28 15:21:38 [notice] 1#1: start worker process 33
2025/03/28 15:21:38 [notice] 1#1: start worker process 34
2025/03/28 15:21:38 [notice] 1#1: start worker process 35
2025/03/28 15:21:38 [notice] 1#1: start worker process 36
2025/03/28 16:01:02 [notice] 1#1: signal 3 (SIGQUIT) received, shutting down
2025/03/28 16:01:02 [notice] 29#29: gracefully shutting down
2025/03/28 16:01:02 [notice] 30#30: gracefully shutting down
2025/03/28 16:01:02 [notice] 31#31: gracefully shutting down
2025/03/28 16:01:02 [notice] 33#33: gracefully shutting down
2025/03/28 16:01:02 [notice] 32#32: gracefully shutting down
2025/03/28 16:01:02 [notice] 34#34: gracefully shutting down
2025/03/28 16:01:02 [notice] 29#29: exiting
2025/03/28 16:01:02 [notice] 30#30: exiting
2025/03/28 16:01:02 [notice] 35#35: gracefully shutting down
2025/03/28 16:01:02 [notice] 31#31: exiting
2025/03/28 16:01:02 [notice] 33#33: exiting
2025/03/28 16:01:02 [notice] 32#32: exiting
2025/03/28 16:01:02 [notice] 34#34: exiting
2025/03/28 16:01:02 [notice] 35#35: exiting
2025/03/28 16:01:02 [notice] 33#33: exit
2025/03/28 16:01:02 [notice] 31#31: exit
2025/03/28 16:01:02 [notice] 30#30: exit
2025/03/28 16:01:02 [notice] 35#35: exit
2025/03/28 16:01:02 [notice] 32#32: exit
2025/03/28 16:01:02 [notice] 29#29: exit
2025/03/28 16:01:02 [notice] 34#34: exit
2025/03/28 16:01:02 [notice] 36#36: gracefully shutting down
2025/03/28 16:01:02 [notice] 36#36: exiting
2025/03/28 16:01:02 [notice] 36#36: exit
2025/03/28 16:01:02 [notice] 1#1: signal 17 (SIGCHLD) received from 32
2025/03/28 16:01:02 [notice] 1#1: worker process 32 exited with code 0
2025/03/28 16:01:02 [notice] 1#1: signal 29 (SIGIO) received
2025/03/28 16:01:02 [notice] 1#1: signal 17 (SIGCHLD) received from 36
2025/03/28 16:01:02 [notice] 1#1: worker process 36 exited with code 0
2025/03/28 16:01:02 [notice] 1#1: signal 29 (SIGIO) received
2025/03/28 16:01:02 [notice] 1#1: signal 17 (SIGCHLD) received from 35
2025/03/28 16:01:02 [notice] 1#1: worker process 35 exited with code 0
2025/03/28 16:01:02 [notice] 1#1: signal 29 (SIGIO) received
2025/03/28 16:01:02 [notice] 1#1: signal 17 (SIGCHLD) received from 33
2025/03/28 16:01:02 [notice] 1#1: worker process 29 exited with code 0
2025/03/28 16:01:02 [notice] 1#1: worker process 31 exited with code 0
2025/03/28 16:01:02 [notice] 1#1: worker process 33 exited with code 0
2025/03/28 16:01:02 [notice] 1#1: signal 29 (SIGIO) received
2025/03/28 16:01:02 [notice] 1#1: signal 17 (SIGCHLD) received from 34
2025/03/28 16:01:02 [notice] 1#1: worker process 34 exited with code 0
2025/03/28 16:01:02 [notice] 1#1: signal 29 (SIGIO) received
2025/03/28 16:01:02 [notice] 1#1: signal 17 (SIGCHLD) received from 30
2025/03/28 16:01:02 [notice] 1#1: worker process 30 exited with code 0
2025/03/28 16:01:02 [notice] 1#1: exit
2025/03/28 16:04:58 [notice] 1#1: using the "epoll" event method
2025/03/28 16:04:58 [notice] 1#1: nginx/1.27.4
2025/03/28 16:04:58 [notice] 1#1: built by gcc 14.2.0 (Alpine 14.2.0) 
2025/03/28 16:04:58 [notice] 1#1: OS: Linux 6.13.6-arch1-1
2025/03/28 16:04:58 [notice] 1#1: getrlimit(RLIMIT_NOFILE): 1024:524288
2025/03/28 16:04:58 [notice] 1#1: start worker processes
2025/03/28 16:04:58 [notice] 1#1: start worker process 29
2025/03/28 16:04:58 [notice] 1#1: start worker process 30
2025/03/28 16:04:58 [notice] 1#1: start worker process 31
2025/03/28 16:04:58 [notice] 1#1: start worker process 32
2025/03/28 16:04:58 [notice] 1#1: start worker process 33
2025/03/28 16:04:58 [notice] 1#1: start worker process 34
2025/03/28 16:04:58 [notice] 1#1: start worker process 35
2025/03/28 16:04:58 [notice] 1#1: start worker process 36
2025/03/28 16:09:48 [notice] 1#1: signal 3 (SIGQUIT) received, shutting down
2025/03/28 16:09:48 [notice] 29#29: gracefully shutting down
2025/03/28 16:09:48 [notice] 30#30: gracefully shutting down
2025/03/28 16:09:48 [notice] 32#32: gracefully shutting down
2025/03/28 16:09:48 [notice] 31#31: gracefully shutting down
2025/03/28 16:09:48 [notice] 33#33: gracefully shutting down
2025/03/28 16:09:48 [notice] 34#34: gracefully shutting down
2025/03/28 16:09:48 [notice] 29#29: exiting
2025/03/28 16:09:48 [notice] 35#35: gracefully shutting down
2025/03/28 16:09:48 [notice] 30#30: exiting
2025/03/28 16:09:48 [notice] 32#32: exiting
2025/03/28 16:09:48 [notice] 31#31: exiting
2025/03/28 16:09:48 [notice] 33#33: exiting
2025/03/28 16:09:48 [notice] 34#34: exiting
2025/03/28 16:09:48 [notice] 35#35: exiting
2025/03/28 16:09:48 [notice] 33#33: exit
2025/03/28 16:09:48 [notice] 31#31: exit
2025/03/28 16:09:48 [notice] 29#29: exit
2025/03/28 16:09:48 [notice] 30#30: exit
2025/03/28 16:09:48 [notice] 34#34: exit
2025/03/28 16:09:48 [notice] 35#35: exit
2025/03/28 16:09:48 [notice] 32#32: exit
2025/03/28 16:09:48 [notice] 36#36: gracefully shutting down
2025/03/28 16:09:48 [notice] 36#36: exiting
2025/03/28 16:09:48 [notice] 36#36: exit
2025/03/28 16:09:48 [notice] 1#1: signal 17 (SIGCHLD) received from 33
2025/03/28 16:09:48 [notice] 1#1: worker process 33 exited with code 0
2025/03/28 16:09:48 [notice] 1#1: signal 29 (SIGIO) received
2025/03/28 16:09:48 [notice] 1#1: signal 17 (SIGCHLD) received from 31
2025/03/28 16:09:48 [notice] 1#1: worker process 31 exited with code 0
2025/03/28 16:09:48 [notice] 1#1: worker process 35 exited with code 0
2025/03/28 16:09:48 [notice] 1#1: worker process 30 exited with code 0
2025/03/28 16:09:48 [notice] 1#1: signal 29 (SIGIO) received
2025/03/28 16:09:48 [notice] 1#1: signal 17 (SIGCHLD) received from 30
2025/03/28 16:09:48 [notice] 1#1: worker process 29 exited with code 0
2025/03/28 16:09:48 [notice] 1#1: signal 29 (SIGIO) received
2025/03/28 16:09:48 [notice] 1#1: signal 17 (SIGCHLD) received from 32
2025/03/28 16:09:48 [notice] 1#1: worker process 32 exited with code 0
2025/03/28 16:09:48 [notice] 1#1: worker process 34 exited with code 0
2025/03/28 16:09:48 [notice] 1#1: signal 29 (SIGIO) received
2025/03/28 16:09:48 [notice] 1#1: signal 17 (SIGCHLD) received from 36
2025/03/28 16:09:48 [notice] 1#1: worker process 36 exited with code 0
2025/03/28 16:09:48 [notice] 1#1: exit
2025/03/28 16:10:04 [notice] 1#1: using the "epoll" event method
2025/03/28 16:10:04 [notice] 1#1: nginx/1.27.4
2025/03/28 16:10:04 [notice] 1#1: built by gcc 14.2.0 (Alpine 14.2.0) 
2025/03/28 16:10:04 [notice] 1#1: OS: Linux 6.13.6-arch1-1
2025/03/28 16:10:04 [notice] 1#1: getrlimit(RLIMIT_NOFILE): 1024:524288
2025/03/28 16:10:04 [notice] 1#1: start worker processes
2025/03/28 16:10:04 [notice] 1#1: start worker process 29
2025/03/28 16:10:04 [notice] 1#1: start worker process 30
2025/03/28 16:10:04 [notice] 1#1: start worker process 31
2025/03/28 16:10:04 [notice] 1#1: start worker process 32
2025/03/28 16:10:04 [notice] 1#1: start worker process 33
2025/03/28 16:10:04 [notice] 1#1: start worker process 34
2025/03/28 16:10:04 [notice] 1#1: start worker process 35
2025/03/28 16:10:04 [notice] 1#1: start worker process 36
2025/03/28 18:10:00 [notice] 1#1: signal 3 (SIGQUIT) received, shutting down
2025/03/28 18:10:00 [notice] 31#31: gracefully shutting down
2025/03/28 18:10:00 [notice] 35#35: gracefully shutting down
2025/03/28 18:10:00 [notice] 35#35: exiting
2025/03/28 18:10:00 [notice] 36#36: gracefully shutting down
2025/03/28 18:10:00 [notice] 31#31: exiting
2025/03/28 18:10:00 [notice] 30#30: gracefully shutting down
2025/03/28 18:10:00 [notice] 30#30: exiting
2025/03/28 18:10:00 [notice] 36#36: exiting
2025/03/28 18:10:00 [notice] 35#35: exit
2025/03/28 18:10:00 [notice] 32#32: gracefully shutting down
2025/03/28 18:10:00 [notice] 32#32: exiting
2025/03/28 18:10:00 [notice] 32#32: exit
2025/03/28 18:10:00 [notice] 30#30: exit
2025/03/28 18:10:00 [notice] 34#34: gracefully shutting down
2025/03/28 18:10:00 [notice] 34#34: exiting
2025/03/28 18:10:00 [notice] 33#33: gracefully shutting down
2025/03/28 18:10:00 [notice] 33#33: exiting
2025/03/28 18:10:00 [notice] 29#29: gracefully shutting down
2025/03/28 18:10:00 [notice] 29#29: exiting
2025/03/28 18:10:00 [notice] 33#33: exit
2025/03/28 18:10:00 [notice] 36#36: exit
2025/03/28 18:10:00 [notice] 31#31: exit
2025/03/28 18:10:00 [notice] 29#29: exit
2025/03/28 18:10:00 [notice] 34#34: exit
2025/03/28 18:10:00 [notice] 1#1: signal 17 (SIGCHLD) received from 35
2025/03/28 18:10:00 [notice] 1#1: worker process 35 exited with code 0
2025/03/28 18:10:00 [notice] 1#1: signal 29 (SIGIO) received
2025/03/28 18:10:00 [notice] 1#1: signal 17 (SIGCHLD) received from 33
2025/03/28 18:10:00 [notice] 1#1: worker process 33 exited with code 0
2025/03/28 18:10:00 [notice] 1#1: signal 29 (SIGIO) received
2025/03/28 18:10:00 [notice] 1#1: signal 17 (SIGCHLD) received from 32
2025/03/28 18:10:00 [notice] 1#1: worker process 32 exited with code 0
2025/03/28 18:10:00 [notice] 1#1: signal 29 (SIGIO) received
2025/03/28 18:10:00 [notice] 1#1: signal 17 (SIGCHLD) received from 30
2025/03/28 18:10:00 [notice] 1#1: worker process 30 exited with code 0
2025/03/28 18:10:00 [notice] 1#1: signal 29 (SIGIO) received
2025/03/28 18:10:00 [notice] 1#1: signal 17 (SIGCHLD) received from 31
2025/03/28 18:10:00 [notice] 1#1: worker process 31 exited with code 0
2025/03/28 18:10:00 [notice] 1#1: signal 29 (SIGIO) received
2025/03/28 18:10:00 [notice] 1#1: signal 17 (SIGCHLD) received from 36
2025/03/28 18:10:00 [notice] 1#1: worker process 36 exited with code 0
2025/03/28 18:10:00 [notice] 1#1: signal 29 (SIGIO) received
2025/03/28 18:10:00 [notice] 1#1: signal 17 (SIGCHLD) received from 34
2025/03/28 18:10:00 [notice] 1#1: worker process 34 exited with code 0
2025/03/28 18:10:00 [notice] 1#1: signal 29 (SIGIO) received
2025/03/28 18:10:00 [notice] 1#1: signal 17 (SIGCHLD) received from 29
2025/03/28 18:10:00 [notice] 1#1: worker process 29 exited with code 0
2025/03/28 18:10:00 [notice] 1#1: exit
2025/03/29 15:26:57 [notice] 1#1: using the "epoll" event method
2025/03/29 15:26:57 [notice] 1#1: nginx/1.27.4
2025/03/29 15:26:57 [notice] 1#1: built by gcc 14.2.0 (Alpine 14.2.0) 
2025/03/29 15:26:57 [notice] 1#1: OS: Linux 6.13.6-arch1-1
2025/03/29 15:26:57 [notice] 1#1: getrlimit(RLIMIT_NOFILE): 1024:524288
2025/03/29 15:26:57 [notice] 1#1: start worker processes
2025/03/29 15:26:57 [notice] 1#1: start worker process 29
2025/03/29 15:26:57 [notice] 1#1: start worker process 30
2025/03/29 15:26:57 [notice] 1#1: start worker process 31
2025/03/29 15:26:57 [notice] 1#1: start worker process 32
2025/03/29 15:26:57 [notice] 1#1: start worker process 33
2025/03/29 15:26:57 [notice] 1#1: start worker process 34
2025/03/29 15:26:57 [notice] 1#1: start worker process 35
2025/03/29 15:26:57 [notice] 1#1: start worker process 36
2025/03/29 15:35:30 [notice] 1#1: signal 3 (SIGQUIT) received, shutting down
2025/03/29 15:35:30 [notice] 29#29: gracefully shutting down
2025/03/29 15:35:30 [notice] 30#30: gracefully shutting down
2025/03/29 15:35:30 [notice] 31#31: gracefully shutting down
2025/03/29 15:35:30 [notice] 33#33: gracefully shutting down
2025/03/29 15:35:30 [notice] 29#29: exiting
2025/03/29 15:35:30 [notice] 32#32: gracefully shutting down
2025/03/29 15:35:30 [notice] 34#34: gracefully shutting down
2025/03/29 15:35:30 [notice] 35#35: gracefully shutting down
2025/03/29 15:35:30 [notice] 30#30: exiting
2025/03/29 15:35:30 [notice] 31#31: exiting
2025/03/29 15:35:30 [notice] 33#33: exiting
2025/03/29 15:35:30 [notice] 34#34: exiting
2025/03/29 15:35:30 [notice] 32#32: exiting
2025/03/29 15:35:30 [notice] 35#35: exiting
2025/03/29 15:35:30 [notice] 29#29: exit
2025/03/29 15:35:30 [notice] 30#30: exit
2025/03/29 15:35:30 [notice] 31#31: exit
2025/03/29 15:35:30 [notice] 33#33: exit
2025/03/29 15:35:30 [notice] 32#32: exit
2025/03/29 15:35:30 [notice] 34#34: exit
2025/03/29 15:35:30 [notice] 35#35: exit
2025/03/29 15:35:30 [notice] 36#36: gracefully shutting down
2025/03/29 15:35:30 [notice] 36#36: exiting
2025/03/29 15:35:30 [notice] 36#36: exit
2025/03/29 15:35:30 [notice] 1#1: signal 17 (SIGCHLD) received from 31
2025/03/29 15:35:30 [notice] 1#1: worker process 31 exited with code 0
2025/03/29 15:35:30 [notice] 1#1: worker process 32 exited with code 0
2025/03/29 15:35:30 [notice] 1#1: signal 29 (SIGIO) received
2025/03/29 15:35:30 [notice] 1#1: signal 17 (SIGCHLD) received from 36
2025/03/29 15:35:30 [notice] 1#1: worker process 36 exited with code 0
2025/03/29 15:35:30 [notice] 1#1: worker process 33 exited with code 0
2025/03/29 15:35:30 [notice] 1#1: signal 29 (SIGIO) received
2025/03/29 15:35:30 [notice] 1#1: signal 17 (SIGCHLD) received from 33
2025/03/29 15:35:30 [notice] 1#1: worker process 34 exited with code 0
2025/03/29 15:35:30 [notice] 1#1: signal 29 (SIGIO) received
2025/03/29 15:35:30 [notice] 1#1: signal 17 (SIGCHLD) received from 34
2025/03/29 15:35:30 [notice] 1#1: signal 17 (SIGCHLD) received from 29
2025/03/29 15:35:30 [notice] 1#1: worker process 29 exited with code 0
2025/03/29 15:35:30 [notice] 1#1: signal 29 (SIGIO) received
2025/03/29 15:35:30 [notice] 1#1: signal 17 (SIGCHLD) received from 30
2025/03/29 15:35:30 [notice] 1#1: worker process 30 exited with code 0
2025/03/29 15:35:30 [notice] 1#1: signal 29 (SIGIO) received
2025/03/29 15:35:30 [notice] 1#1: signal 17 (SIGCHLD) received from 35
2025/03/29 15:35:30 [notice] 1#1: worker process 35 exited with code 0
2025/03/29 15:35:30 [notice] 1#1: exit
2025/03/29 15:35:33 [notice] 1#1: using the "epoll" event method
2025/03/29 15:35:33 [notice] 1#1: nginx/1.27.4
2025/03/29 15:35:33 [notice] 1#1: built by gcc 14.2.0 (Alpine 14.2.0) 
2025/03/29 15:35:33 [notice] 1#1: OS: Linux 6.13.6-arch1-1
2025/03/29 15:35:33 [notice] 1#1: getrlimit(RLIMIT_NOFILE): 1024:524288
2025/03/29 15:35:33 [notice] 1#1: start worker processes
2025/03/29 15:35:33 [notice] 1#1: start worker process 29
2025/03/29 15:35:33 [notice] 1#1: start worker process 30
2025/03/29 15:35:33 [notice] 1#1: start worker process 31
2025/03/29 15:35:33 [notice] 1#1: start worker process 32
2025/03/29 15:35:33 [notice] 1#1: start worker process 33
2025/03/29 15:35:33 [notice] 1#1: start worker process 34
2025/03/29 15:35:33 [notice] 1#1: start worker process 35
2025/03/29 15:35:33 [notice] 1#1: start worker process 36
2025/03/29 15:44:33 [notice] 1#1: signal 3 (SIGQUIT) received, shutting down
2025/03/29 15:44:33 [notice] 30#30: gracefully shutting down
2025/03/29 15:44:33 [notice] 29#29: gracefully shutting down
2025/03/29 15:44:33 [notice] 33#33: gracefully shutting down
2025/03/29 15:44:33 [notice] 32#32: gracefully shutting down
2025/03/29 15:44:33 [notice] 31#31: gracefully shutting down
2025/03/29 15:44:33 [notice] 34#34: gracefully shutting down
2025/03/29 15:44:33 [notice] 30#30: exiting
2025/03/29 15:44:33 [notice] 35#35: gracefully shutting down
2025/03/29 15:44:33 [notice] 29#29: exiting
2025/03/29 15:44:33 [notice] 33#33: exiting
2025/03/29 15:44:33 [notice] 32#32: exiting
2025/03/29 15:44:33 [notice] 31#31: exiting
2025/03/29 15:44:33 [notice] 34#34: exiting
2025/03/29 15:44:33 [notice] 35#35: exiting
2025/03/29 15:44:33 [notice] 32#32: exit
2025/03/29 15:44:33 [notice] 33#33: exit
2025/03/29 15:44:33 [notice] 29#29: exit
2025/03/29 15:44:33 [notice] 31#31: exit
2025/03/29 15:44:33 [notice] 34#34: exit
2025/03/29 15:44:33 [notice] 30#30: exit
2025/03/29 15:44:33 [notice] 35#35: exit
2025/03/29 15:44:33 [notice] 36#36: gracefully shutting down
2025/03/29 15:44:33 [notice] 36#36: exiting
2025/03/29 15:44:33 [notice] 36#36: exit
2025/03/29 15:44:33 [notice] 1#1: signal 17 (SIGCHLD) received from 32
2025/03/29 15:44:33 [notice] 1#1: worker process 32 exited with code 0
2025/03/29 15:44:33 [notice] 1#1: signal 29 (SIGIO) received
2025/03/29 15:44:33 [notice] 1#1: signal 17 (SIGCHLD) received from 36
2025/03/29 15:44:33 [notice] 1#1: worker process 36 exited with code 0
2025/03/29 15:44:33 [notice] 1#1: signal 29 (SIGIO) received
2025/03/29 15:44:33 [notice] 1#1: signal 17 (SIGCHLD) received from 35
2025/03/29 15:44:33 [notice] 1#1: worker process 35 exited with code 0
2025/03/29 15:44:33 [notice] 1#1: worker process 30 exited with code 0
2025/03/29 15:44:33 [notice] 1#1: signal 29 (SIGIO) received
2025/03/29 15:44:33 [notice] 1#1: signal 17 (SIGCHLD) received from 30
2025/03/29 15:44:33 [notice] 1#1: signal 17 (SIGCHLD) received from 31
2025/03/29 15:44:33 [notice] 1#1: worker process 31 exited with code 0
2025/03/29 15:44:33 [notice] 1#1: signal 29 (SIGIO) received
2025/03/29 15:44:33 [notice] 1#1: signal 17 (SIGCHLD) received from 33
2025/03/29 15:44:33 [notice] 1#1: worker process 33 exited with code 0
2025/03/29 15:44:33 [notice] 1#1: signal 29 (SIGIO) received
2025/03/29 15:44:33 [notice] 1#1: signal 17 (SIGCHLD) received from 29
2025/03/29 15:44:33 [notice] 1#1: worker process 29 exited with code 0
2025/03/29 15:44:33 [notice] 1#1: signal 29 (SIGIO) received
2025/03/29 15:44:33 [notice] 1#1: signal 17 (SIGCHLD) received from 34
2025/03/29 15:44:33 [notice] 1#1: worker process 34 exited with code 0
2025/03/29 15:44:33 [notice] 1#1: exit
2025/03/29 15:44:34 [notice] 1#1: using the "epoll" event method
2025/03/29 15:44:34 [notice] 1#1: nginx/1.27.4
2025/03/29 15:44:34 [notice] 1#1: built by gcc 14.2.0 (Alpine 14.2.0) 
2025/03/29 15:44:34 [notice] 1#1: OS: Linux 6.13.6-arch1-1
2025/03/29 15:44:34 [notice] 1#1: getrlimit(RLIMIT_NOFILE): 1024:524288
2025/03/29 15:44:34 [notice] 1#1: start worker processes
2025/03/29 15:44:34 [notice] 1#1: start worker process 29
2025/03/29 15:44:34 [notice] 1#1: start worker process 30
2025/03/29 15:44:34 [notice] 1#1: start worker process 31
2025/03/29 15:44:34 [notice] 1#1: start worker process 32
2025/03/29 15:44:34 [notice] 1#1: start worker process 33
2025/03/29 15:44:34 [notice] 1#1: start worker process 34
2025/03/29 15:44:34 [notice] 1#1: start worker process 35
2025/03/29 15:44:34 [notice] 1#1: start worker process 36
2025/04/01 15:25:35 [notice] 1#1: using the "epoll" event method
2025/04/01 15:25:35 [notice] 1#1: nginx/1.27.4
2025/04/01 15:25:35 [notice] 1#1: built by gcc 14.2.0 (Alpine 14.2.0) 
2025/04/01 15:25:35 [notice] 1#1: OS: Linux 6.13.6-arch1-1
2025/04/01 15:25:35 [notice] 1#1: getrlimit(RLIMIT_NOFILE): 1024:524288
2025/04/01 15:25:35 [notice] 1#1: start worker processes
2025/04/01 15:25:35 [notice] 1#1: start worker process 29
2025/04/01 15:25:35 [notice] 1#1: start worker process 30
2025/04/01 15:25:35 [notice] 1#1: start worker process 31
2025/04/01 15:25:35 [notice] 1#1: start worker process 32
2025/04/01 15:25:35 [notice] 1#1: start worker process 33
2025/04/01 15:25:35 [notice] 1#1: start worker process 34
2025/04/01 15:25:35 [notice] 1#1: start worker process 35
2025/04/01 15:25:35 [notice] 1#1: start worker process 36
2025/04/01 15:27:13 [error] 30#30: *1 directory index of "/var/www/html/public/" is forbidden, client: 172.20.0.1, server: localhost, request: "GET / HTTP/1.1", host: "localhost:9000"
2025/04/01 15:27:14 [error] 30#30: *1 directory index of "/var/www/html/public/" is forbidden, client: 172.20.0.1, server: localhost, request: "GET / HTTP/1.1", host: "localhost:9000"
2025/04/01 15:27:15 [error] 30#30: *1 directory index of "/var/www/html/public/" is forbidden, client: 172.20.0.1, server: localhost, request: "GET / HTTP/1.1", host: "localhost:9000"
2025/04/01 15:27:16 [error] 30#30: *1 directory index of "/var/www/html/public/" is forbidden, client: 172.20.0.1, server: localhost, request: "GET / HTTP/1.1", host: "localhost:9000"
2025/04/01 15:27:17 [error] 30#30: *1 directory index of "/var/www/html/public/" is forbidden, client: 172.20.0.1, server: localhost, request: "GET / HTTP/1.1", host: "localhost:9000"
2025/04/01 15:53:28 [notice] 1#1: using the "epoll" event method
2025/04/01 15:53:28 [notice] 1#1: nginx/1.27.4
2025/04/01 15:53:28 [notice] 1#1: built by gcc 14.2.0 (Alpine 14.2.0) 
2025/04/01 15:53:28 [notice] 1#1: OS: Linux 6.13.6-arch1-1
2025/04/01 15:53:28 [notice] 1#1: getrlimit(RLIMIT_NOFILE): 1024:524288
2025/04/01 15:53:28 [notice] 1#1: start worker processes
2025/04/01 15:53:28 [notice] 1#1: start worker process 29
2025/04/01 15:53:28 [notice] 1#1: start worker process 30
2025/04/01 15:53:28 [notice] 1#1: start worker process 31
2025/04/01 15:53:28 [notice] 1#1: start worker process 32
2025/04/01 15:53:28 [notice] 1#1: start worker process 33
2025/04/01 15:53:28 [notice] 1#1: start worker process 34
2025/04/01 15:53:28 [notice] 1#1: start worker process 35
2025/04/01 15:53:28 [notice] 1#1: start worker process 36
2025/04/01 15:56:27 [notice] 1#1: signal 3 (SIGQUIT) received, shutting down
2025/04/01 15:56:27 [notice] 29#29: gracefully shutting down
2025/04/01 15:56:27 [notice] 30#30: gracefully shutting down
2025/04/01 15:56:27 [notice] 32#32: gracefully shutting down
2025/04/01 15:56:27 [notice] 31#31: gracefully shutting down
2025/04/01 15:56:27 [notice] 30#30: exiting
2025/04/01 15:56:27 [notice] 32#32: exiting
2025/04/01 15:56:27 [notice] 29#29: exiting
2025/04/01 15:56:27 [notice] 31#31: exiting
2025/04/01 15:56:27 [notice] 32#32: exit
2025/04/01 15:56:27 [notice] 30#30: exit
2025/04/01 15:56:27 [notice] 31#31: exit
2025/04/01 15:56:27 [notice] 29#29: exit
2025/04/01 15:56:27 [notice] 34#34: gracefully shutting down
2025/04/01 15:56:27 [notice] 33#33: gracefully shutting down
2025/04/01 15:56:27 [notice] 34#34: exiting
2025/04/01 15:56:27 [notice] 33#33: exiting
2025/04/01 15:56:27 [notice] 34#34: exit
2025/04/01 15:56:27 [notice] 33#33: exit
2025/04/01 15:56:27 [notice] 35#35: gracefully shutting down
2025/04/01 15:56:27 [notice] 35#35: exiting
2025/04/01 15:56:27 [notice] 35#35: exit
2025/04/01 15:56:27 [notice] 36#36: gracefully shutting down
2025/04/01 15:56:27 [notice] 36#36: exiting
2025/04/01 15:56:27 [notice] 36#36: exit
2025/04/01 15:56:27 [notice] 1#1: signal 17 (SIGCHLD) received from 32
2025/04/01 15:56:27 [notice] 1#1: worker process 32 exited with code 0
2025/04/01 15:56:27 [notice] 1#1: signal 29 (SIGIO) received
2025/04/01 15:56:27 [notice] 1#1: signal 17 (SIGCHLD) received from 29
2025/04/01 15:56:27 [notice] 1#1: worker process 29 exited with code 0
2025/04/01 15:56:27 [notice] 1#1: worker process 31 exited with code 0
2025/04/01 15:56:27 [notice] 1#1: signal 29 (SIGIO) received
2025/04/01 15:56:27 [notice] 1#1: signal 17 (SIGCHLD) received from 31
2025/04/01 15:56:27 [notice] 1#1: signal 17 (SIGCHLD) received from 34
2025/04/01 15:56:27 [notice] 1#1: worker process 34 exited with code 0
2025/04/01 15:56:27 [notice] 1#1: worker process 35 exited with code 0
2025/04/01 15:56:27 [notice] 1#1: worker process 36 exited with code 0
2025/04/01 15:56:27 [notice] 1#1: signal 29 (SIGIO) received
2025/04/01 15:56:27 [notice] 1#1: signal 17 (SIGCHLD) received from 36
2025/04/01 15:56:27 [notice] 1#1: signal 17 (SIGCHLD) received from 30
2025/04/01 15:56:27 [notice] 1#1: worker process 30 exited with code 0
2025/04/01 15:56:27 [notice] 1#1: signal 29 (SIGIO) received
2025/04/01 15:56:27 [notice] 1#1: signal 17 (SIGCHLD) received from 33
2025/04/01 15:56:27 [notice] 1#1: worker process 33 exited with code 0
2025/04/01 15:56:27 [notice] 1#1: exit
2025/04/01 15:56:27 [notice] 1#1: using the "epoll" event method
2025/04/01 15:56:27 [notice] 1#1: nginx/1.27.4
2025/04/01 15:56:27 [notice] 1#1: built by gcc 14.2.0 (Alpine 14.2.0) 
2025/04/01 15:56:27 [notice] 1#1: OS: Linux 6.13.6-arch1-1
2025/04/01 15:56:27 [notice] 1#1: getrlimit(RLIMIT_NOFILE): 1024:524288
2025/04/01 15:56:27 [notice] 1#1: start worker processes
2025/04/01 15:56:27 [notice] 1#1: start worker process 29
2025/04/01 15:56:27 [notice] 1#1: start worker process 30
2025/04/01 15:56:27 [notice] 1#1: start worker process 31
2025/04/01 15:56:27 [notice] 1#1: start worker process 32
2025/04/01 15:56:27 [notice] 1#1: start worker process 33
2025/04/01 15:56:27 [notice] 1#1: start worker process 34
2025/04/01 15:56:27 [notice] 1#1: start worker process 35
2025/04/01 15:56:27 [notice] 1#1: start worker process 36
2025/04/01 15:59:39 [notice] 1#1: signal 3 (SIGQUIT) received, shutting down
2025/04/01 15:59:39 [notice] 29#29: gracefully shutting down
2025/04/01 15:59:39 [notice] 30#30: gracefully shutting down
2025/04/01 15:59:39 [notice] 31#31: gracefully shutting down
2025/04/01 15:59:39 [notice] 32#32: gracefully shutting down
2025/04/01 15:59:39 [notice] 33#33: gracefully shutting down
2025/04/01 15:59:39 [notice] 35#35: gracefully shutting down
2025/04/01 15:59:39 [notice] 34#34: gracefully shutting down
2025/04/01 15:59:39 [notice] 29#29: exiting
2025/04/01 15:59:39 [notice] 30#30: exiting
2025/04/01 15:59:39 [notice] 31#31: exiting
2025/04/01 15:59:39 [notice] 32#32: exiting
2025/04/01 15:59:39 [notice] 33#33: exiting
2025/04/01 15:59:39 [notice] 35#35: exiting
2025/04/01 15:59:39 [notice] 34#34: exiting
2025/04/01 15:59:39 [notice] 29#29: exit
2025/04/01 15:59:39 [notice] 30#30: exit
2025/04/01 15:59:39 [notice] 33#33: exit
2025/04/01 15:59:39 [notice] 32#32: exit
2025/04/01 15:59:39 [notice] 34#34: exit
2025/04/01 15:59:39 [notice] 31#31: exit
2025/04/01 15:59:39 [notice] 35#35: exit
2025/04/01 15:59:39 [notice] 36#36: gracefully shutting down
2025/04/01 15:59:39 [notice] 36#36: exiting
2025/04/01 15:59:39 [notice] 36#36: exit
2025/04/01 15:59:39 [notice] 1#1: signal 17 (SIGCHLD) received from 32
2025/04/01 15:59:39 [notice] 1#1: worker process 32 exited with code 0
2025/04/01 15:59:39 [notice] 1#1: signal 29 (SIGIO) received
2025/04/01 15:59:39 [notice] 1#1: signal 17 (SIGCHLD) received from 29
2025/04/01 15:59:39 [notice] 1#1: worker process 29 exited with code 0
2025/04/01 15:59:39 [notice] 1#1: signal 29 (SIGIO) received
2025/04/01 15:59:39 [notice] 1#1: signal 17 (SIGCHLD) received from 34
2025/04/01 15:59:39 [notice] 1#1: worker process 34 exited with code 0
2025/04/01 15:59:39 [notice] 1#1: worker process 35 exited with code 0
2025/04/01 15:59:39 [notice] 1#1: signal 29 (SIGIO) received
2025/04/01 15:59:39 [notice] 1#1: signal 17 (SIGCHLD) received from 35
2025/04/01 15:59:39 [notice] 1#1: signal 17 (SIGCHLD) received from 31
2025/04/01 15:59:39 [notice] 1#1: worker process 31 exited with code 0
2025/04/01 15:59:39 [notice] 1#1: signal 29 (SIGIO) received
2025/04/01 15:59:39 [notice] 1#1: signal 17 (SIGCHLD) received from 33
2025/04/01 15:59:39 [notice] 1#1: worker process 33 exited with code 0
2025/04/01 15:59:39 [notice] 1#1: signal 29 (SIGIO) received
2025/04/01 15:59:39 [notice] 1#1: signal 17 (SIGCHLD) received from 30
2025/04/01 15:59:39 [notice] 1#1: worker process 30 exited with code 0
2025/04/01 15:59:39 [notice] 1#1: signal 17 (SIGCHLD) received from 36
2025/04/01 15:59:39 [notice] 1#1: worker process 36 exited with code 0
2025/04/01 15:59:39 [notice] 1#1: exit
2025/04/01 16:00:12 [notice] 1#1: using the "epoll" event method
2025/04/01 16:00:12 [notice] 1#1: nginx/1.27.4
2025/04/01 16:00:12 [notice] 1#1: built by gcc 14.2.0 (Alpine 14.2.0) 
2025/04/01 16:00:12 [notice] 1#1: OS: Linux 6.13.6-arch1-1
2025/04/01 16:00:12 [notice] 1#1: getrlimit(RLIMIT_NOFILE): 1024:524288
2025/04/01 16:00:12 [notice] 1#1: start worker processes
2025/04/01 16:00:12 [notice] 1#1: start worker process 29
2025/04/01 16:00:12 [notice] 1#1: start worker process 30
2025/04/01 16:00:12 [notice] 1#1: start worker process 31
2025/04/01 16:00:12 [notice] 1#1: start worker process 32
2025/04/01 16:00:12 [notice] 1#1: start worker process 33
2025/04/01 16:00:12 [notice] 1#1: start worker process 34
2025/04/01 16:00:12 [notice] 1#1: start worker process 35
2025/04/01 16:00:12 [notice] 1#1: start worker process 36
2025/04/01 16:03:30 [notice] 1#1: signal 3 (SIGQUIT) received, shutting down
2025/04/01 16:03:30 [notice] 31#31: gracefully shutting down
2025/04/01 16:03:30 [notice] 30#30: gracefully shutting down
2025/04/01 16:03:30 [notice] 32#32: gracefully shutting down
2025/04/01 16:03:30 [notice] 29#29: gracefully shutting down
2025/04/01 16:03:30 [notice] 34#34: gracefully shutting down
2025/04/01 16:03:30 [notice] 33#33: gracefully shutting down
2025/04/01 16:03:30 [notice] 31#31: exiting
2025/04/01 16:03:30 [notice] 35#35: gracefully shutting down
2025/04/01 16:03:30 [notice] 30#30: exiting
2025/04/01 16:03:30 [notice] 32#32: exiting
2025/04/01 16:03:30 [notice] 29#29: exiting
2025/04/01 16:03:30 [notice] 34#34: exiting
2025/04/01 16:03:30 [notice] 33#33: exiting
2025/04/01 16:03:30 [notice] 35#35: exiting
2025/04/01 16:03:30 [notice] 34#34: exit
2025/04/01 16:03:30 [notice] 31#31: exit
2025/04/01 16:03:30 [notice] 32#32: exit
2025/04/01 16:03:30 [notice] 30#30: exit
2025/04/01 16:03:30 [notice] 35#35: exit
2025/04/01 16:03:30 [notice] 33#33: exit
2025/04/01 16:03:30 [notice] 29#29: exit
2025/04/01 16:03:30 [notice] 36#36: gracefully shutting down
2025/04/01 16:03:30 [notice] 36#36: exiting
2025/04/01 16:03:30 [notice] 36#36: exit
2025/04/01 16:03:30 [notice] 1#1: signal 17 (SIGCHLD) received from 34
2025/04/01 16:03:30 [notice] 1#1: worker process 34 exited with code 0
2025/04/01 16:03:30 [notice] 1#1: signal 29 (SIGIO) received
2025/04/01 16:03:30 [notice] 1#1: signal 17 (SIGCHLD) received from 30
2025/04/01 16:03:30 [notice] 1#1: worker process 30 exited with code 0
2025/04/01 16:03:30 [notice] 1#1: worker process 31 exited with code 0
2025/04/01 16:03:30 [notice] 1#1: worker process 36 exited with code 0
2025/04/01 16:03:30 [notice] 1#1: signal 29 (SIGIO) received
2025/04/01 16:03:30 [notice] 1#1: signal 17 (SIGCHLD) received from 36
2025/04/01 16:03:30 [notice] 1#1: signal 17 (SIGCHLD) received from 35
2025/04/01 16:03:30 [notice] 1#1: worker process 35 exited with code 0
2025/04/01 16:03:30 [notice] 1#1: signal 29 (SIGIO) received
2025/04/01 16:03:30 [notice] 1#1: signal 17 (SIGCHLD) received from 29
2025/04/01 16:03:30 [notice] 1#1: worker process 29 exited with code 0
2025/04/01 16:03:30 [notice] 1#1: signal 29 (SIGIO) received
2025/04/01 16:03:30 [notice] 1#1: signal 17 (SIGCHLD) received from 32
2025/04/01 16:03:30 [notice] 1#1: worker process 32 exited with code 0
2025/04/01 16:03:30 [notice] 1#1: signal 17 (SIGCHLD) received from 33
2025/04/01 16:03:30 [notice] 1#1: worker process 33 exited with code 0
2025/04/01 16:03:30 [notice] 1#1: exit
2025/04/01 16:03:31 [notice] 1#1: using the "epoll" event method
2025/04/01 16:03:31 [notice] 1#1: nginx/1.27.4
2025/04/01 16:03:31 [notice] 1#1: built by gcc 14.2.0 (Alpine 14.2.0) 
2025/04/01 16:03:31 [notice] 1#1: OS: Linux 6.13.6-arch1-1
2025/04/01 16:03:31 [notice] 1#1: getrlimit(RLIMIT_NOFILE): 1024:524288
2025/04/01 16:03:31 [notice] 1#1: start worker processes
2025/04/01 16:03:31 [notice] 1#1: start worker process 29
2025/04/01 16:03:31 [notice] 1#1: start worker process 30
2025/04/01 16:03:31 [notice] 1#1: start worker process 31
2025/04/01 16:03:31 [notice] 1#1: start worker process 32
2025/04/01 16:03:31 [notice] 1#1: start worker process 33
2025/04/01 16:03:31 [notice] 1#1: start worker process 34
2025/04/01 16:03:31 [notice] 1#1: start worker process 35
2025/04/01 16:03:31 [notice] 1#1: start worker process 36
